<?xml version="1.0" encoding="UTF-8"?>
<testsuite xmlns:xsi="http://www.w3.org/2001/XMLSchema-instance" xsi:noNamespaceSchemaLocation="https://maven.apache.org/surefire/maven-surefire-plugin/xsd/surefire-test-report-3.0.xsd" version="3.0" name="SFC-69 related test cases." time="30.278" tests="1" errors="1" skipped="0" failures="0">
  <properties>
    <property name="sun.desktop" value="windows"/>
    <property name="awt.toolkit" value="sun.awt.windows.WToolkit"/>
    <property name="file.encoding.pkg" value="sun.io"/>
    <property name="java.specification.version" value="1.8"/>
    <property name="webdriver.chrome.driver" value="C:\Users\shank\.m2\repository\webdriver\chromedriver\win32\81.0.4044.138\chromedriver.exe"/>
    <property name="sun.cpu.isalist" value="amd64"/>
    <property name="sun.jnu.encoding" value="Cp1252"/>
    <property name="java.class.path" value="C:\Users\Shankar\Automation\git\CucumberWithLatestFeatures\target\test-classes;C:\Users\Shankar\Automation\git\CucumberWithLatestFeatures\target\classes;C:\Users\shank\.m2\repository\org\seleniumhq\selenium\selenium-chrome-driver\3.141.59\selenium-chrome-driver-3.141.59.jar;C:\Users\shank\.m2\repository\org\seleniumhq\selenium\selenium-api\3.141.59\selenium-api-3.141.59.jar;C:\Users\shank\.m2\repository\net\bytebuddy\byte-buddy\1.8.15\byte-buddy-1.8.15.jar;C:\Users\shank\.m2\repository\org\apache\commons\commons-exec\1.3\commons-exec-1.3.jar;C:\Users\shank\.m2\repository\com\google\guava\guava\25.0-jre\guava-25.0-jre.jar;C:\Users\shank\.m2\repository\com\google\code\findbugs\jsr305\1.3.9\jsr305-1.3.9.jar;C:\Users\shank\.m2\repository\org\checkerframework\checker-compat-qual\2.0.0\checker-compat-qual-2.0.0.jar;C:\Users\shank\.m2\repository\com\google\errorprone\error_prone_annotations\2.1.3\error_prone_annotations-2.1.3.jar;C:\Users\shank\.m2\repository\com\google\j2objc\j2objc-annotations\1.1\j2objc-annotations-1.1.jar;C:\Users\shank\.m2\repository\org\codehaus\mojo\animal-sniffer-annotations\1.14\animal-sniffer-annotations-1.14.jar;C:\Users\shank\.m2\repository\com\squareup\okhttp3\okhttp\3.11.0\okhttp-3.11.0.jar;C:\Users\shank\.m2\repository\com\squareup\okio\okio\1.14.0\okio-1.14.0.jar;C:\Users\shank\.m2\repository\org\seleniumhq\selenium\selenium-firefox-driver\3.141.59\selenium-firefox-driver-3.141.59.jar;C:\Users\shank\.m2\repository\org\seleniumhq\selenium\selenium-ie-driver\2.40.0\selenium-ie-driver-2.40.0.jar;C:\Users\shank\.m2\repository\net\java\dev\jna\jna\3.4.0\jna-3.4.0.jar;C:\Users\shank\.m2\repository\net\java\dev\jna\platform\3.4.0\platform-3.4.0.jar;C:\Users\shank\.m2\repository\org\seleniumhq\selenium\selenium-java\3.141.59\selenium-java-3.141.59.jar;C:\Users\shank\.m2\repository\org\seleniumhq\selenium\selenium-edge-driver\3.141.59\selenium-edge-driver-3.141.59.jar;C:\Users\shank\.m2\repository\org\seleniumhq\selenium\selenium-opera-driver\3.141.59\selenium-opera-driver-3.141.59.jar;C:\Users\shank\.m2\repository\org\seleniumhq\selenium\selenium-safari-driver\3.141.59\selenium-safari-driver-3.141.59.jar;C:\Users\shank\.m2\repository\org\seleniumhq\selenium\selenium-remote-driver\3.141.59\selenium-remote-driver-3.141.59.jar;C:\Users\shank\.m2\repository\org\seleniumhq\selenium\selenium-support\3.141.59\selenium-support-3.141.59.jar;C:\Users\shank\.m2\repository\io\cucumber\cucumber-java\5.5.0\cucumber-java-5.5.0.jar;C:\Users\shank\.m2\repository\io\cucumber\cucumber-core\5.5.0\cucumber-core-5.5.0.jar;C:\Users\shank\.m2\repository\io\cucumber\cucumber-gherkin\5.5.0\cucumber-gherkin-5.5.0.jar;C:\Users\shank\.m2\repository\io\cucumber\cucumber-gherkin-vintage\5.5.0\cucumber-gherkin-vintage-5.5.0.jar;C:\Users\shank\.m2\repository\io\cucumber\tag-expressions\2.0.4\tag-expressions-2.0.4.jar;C:\Users\shank\.m2\repository\io\cucumber\cucumber-expressions\8.3.1\cucumber-expressions-8.3.1.jar;C:\Users\shank\.m2\repository\io\cucumber\datatable\3.3.0\datatable-3.3.0.jar;C:\Users\shank\.m2\repository\io\cucumber\cucumber-plugin\5.5.0\cucumber-plugin-5.5.0.jar;C:\Users\shank\.m2\repository\io\cucumber\docstring\5.5.0\docstring-5.5.0.jar;C:\Users\shank\.m2\repository\org\apiguardian\apiguardian-api\1.1.0\apiguardian-api-1.1.0.jar;C:\Users\shank\.m2\repository\net\masterthought\cucumber-reporting\4.6.0\cucumber-reporting-4.6.0.jar;C:\Users\shank\.m2\repository\org\apache\velocity\velocity\1.7\velocity-1.7.jar;C:\Users\shank\.m2\repository\commons-collections\commons-collections\3.2.1\commons-collections-3.2.1.jar;C:\Users\shank\.m2\repository\commons-lang\commons-lang\2.4\commons-lang-2.4.jar;C:\Users\shank\.m2\repository\velocity-tools\velocity-tools\1.4\velocity-tools-1.4.jar;C:\Users\shank\.m2\repository\joda-time\joda-time\2.10.1\joda-time-2.10.1.jar;C:\Users\shank\.m2\repository\org\apache\commons\commons-lang3\3.8.1\commons-lang3-3.8.1.jar;C:\Users\shank\.m2\repository\commons-io\commons-io\2.6\commons-io-2.6.jar;C:\Users\shank\.m2\repository\org\codehaus\plexus\plexus-utils\3.1.1\plexus-utils-3.1.1.jar;C:\Users\shank\.m2\repository\org\jsoup\jsoup\1.11.3\jsoup-1.11.3.jar;C:\Users\shank\.m2\repository\com\googlecode\owasp-java-html-sanitizer\owasp-java-html-sanitizer\20190325.1\owasp-java-html-sanitizer-20190325.1.jar;C:\Users\shank\.m2\repository\commons-configuration\commons-configuration\1.10\commons-configuration-1.10.jar;C:\Users\shank\.m2\repository\commons-logging\commons-logging\1.1.1\commons-logging-1.1.1.jar;C:\Users\shank\.m2\repository\junit\junit\4.12\junit-4.12.jar;C:\Users\shank\.m2\repository\org\hamcrest\hamcrest-core\1.3\hamcrest-core-1.3.jar;C:\Users\shank\.m2\repository\io\cucumber\cucumber-picocontainer\5.5.0\cucumber-picocontainer-5.5.0.jar;C:\Users\shank\.m2\repository\org\picocontainer\picocontainer\2.15\picocontainer-2.15.jar;C:\Users\shank\.m2\repository\io\cucumber\gherkin\5.1.0\gherkin-5.1.0.jar;C:\Users\shank\.m2\repository\io\cucumber\gherkin-jvm-deps\1.0.4\gherkin-jvm-deps-1.0.4.jar;C:\Users\shank\.m2\repository\io\cucumber\cucumber-junit\5.5.0\cucumber-junit-5.5.0.jar;C:\Users\shank\.m2\repository\io\appium\java-client\6.1.0\java-client-6.1.0.jar;C:\Users\shank\.m2\repository\com\google\code\gson\gson\2.8.4\gson-2.8.4.jar;C:\Users\shank\.m2\repository\org\apache\httpcomponents\httpclient\4.5.5\httpclient-4.5.5.jar;C:\Users\shank\.m2\repository\org\apache\httpcomponents\httpcore\4.4.9\httpcore-4.4.9.jar;C:\Users\shank\.m2\repository\commons-codec\commons-codec\1.10\commons-codec-1.10.jar;C:\Users\shank\.m2\repository\cglib\cglib\3.2.6\cglib-3.2.6.jar;C:\Users\shank\.m2\repository\org\ow2\asm\asm\6.0\asm-6.0.jar;C:\Users\shank\.m2\repository\org\apache\ant\ant\1.9.6\ant-1.9.6.jar;C:\Users\shank\.m2\repository\org\apache\ant\ant-launcher\1.9.6\ant-launcher-1.9.6.jar;C:\Users\shank\.m2\repository\commons-validator\commons-validator\1.6\commons-validator-1.6.jar;C:\Users\shank\.m2\repository\commons-beanutils\commons-beanutils\1.9.2\commons-beanutils-1.9.2.jar;C:\Users\shank\.m2\repository\commons-digester\commons-digester\1.8.1\commons-digester-1.8.1.jar;C:\Users\shank\.m2\repository\org\springframework\spring-context\5.0.5.RELEASE\spring-context-5.0.5.RELEASE.jar;C:\Users\shank\.m2\repository\org\springframework\spring-aop\5.0.5.RELEASE\spring-aop-5.0.5.RELEASE.jar;C:\Users\shank\.m2\repository\org\springframework\spring-beans\5.0.5.RELEASE\spring-beans-5.0.5.RELEASE.jar;C:\Users\shank\.m2\repository\org\springframework\spring-core\5.0.5.RELEASE\spring-core-5.0.5.RELEASE.jar;C:\Users\shank\.m2\repository\org\springframework\spring-jcl\5.0.5.RELEASE\spring-jcl-5.0.5.RELEASE.jar;C:\Users\shank\.m2\repository\org\springframework\spring-expression\5.0.5.RELEASE\spring-expression-5.0.5.RELEASE.jar;C:\Users\shank\.m2\repository\org\aspectj\aspectjweaver\1.9.1\aspectjweaver-1.9.1.jar;C:\Users\shank\.m2\repository\org\openpnp\opencv\3.2.0-1\opencv-3.2.0-1.jar;C:\Users\shank\.m2\repository\org\projectlombok\lombok\1.18.4\lombok-1.18.4.jar;C:\Users\shank\.m2\repository\log4j\log4j\1.2.17\log4j-1.2.17.jar;C:\Users\shank\.m2\repository\org\apache\poi\poi-ooxml\4.0.1\poi-ooxml-4.0.1.jar;C:\Users\shank\.m2\repository\org\apache\poi\poi\4.0.1\poi-4.0.1.jar;C:\Users\shank\.m2\repository\org\apache\commons\commons-collections4\4.2\commons-collections4-4.2.jar;C:\Users\shank\.m2\repository\org\apache\commons\commons-math3\3.6.1\commons-math3-3.6.1.jar;C:\Users\shank\.m2\repository\org\apache\poi\poi-ooxml-schemas\4.0.1\poi-ooxml-schemas-4.0.1.jar;C:\Users\shank\.m2\repository\org\apache\xmlbeans\xmlbeans\3.0.2\xmlbeans-3.0.2.jar;C:\Users\shank\.m2\repository\org\apache\commons\commons-compress\1.18\commons-compress-1.18.jar;C:\Users\shank\.m2\repository\com\github\virtuald\curvesapi\1.05\curvesapi-1.05.jar;C:\Users\shank\.m2\repository\org\json\json\20180813\json-20180813.jar;C:\Users\shank\.m2\repository\org\jboss\aerogear\aerogear-otp-java\1.0.0\aerogear-otp-java-1.0.0.jar;C:\Users\shank\.m2\repository\com\fasterxml\jackson\core\jackson-databind\2.9.10.4\jackson-databind-2.9.10.4.jar;C:\Users\shank\.m2\repository\com\fasterxml\jackson\core\jackson-annotations\2.9.10\jackson-annotations-2.9.10.jar;C:\Users\shank\.m2\repository\com\fasterxml\jackson\core\jackson-core\2.9.10\jackson-core-2.9.10.jar;C:\Users\shank\.m2\repository\io\github\bonigarcia\webdrivermanager\3.6.2\webdrivermanager-3.6.2.jar;C:\Users\shank\.m2\repository\org\slf4j\slf4j-api\1.7.25\slf4j-api-1.7.25.jar;C:\Users\shank\.m2\repository\org\rauschig\jarchivelib\1.0.0\jarchivelib-1.0.0.jar;C:\Users\shank\.m2\repository\com\googlecode\json-simple\json-simple\1.1\json-simple-1.1.jar;C:\Users\shank\.m2\repository\com\assertthat\selenium-shutterbug\0.8\selenium-shutterbug-0.8.jar;C:\Users\shank\.m2\repository\org\apache\maven\surefire\surefire-junit47\3.0.0-M4\surefire-junit47-3.0.0-M4.jar;C:\Users\shank\.m2\repository\org\apache\maven\surefire\common-junit48\3.0.0-M4\common-junit48-3.0.0-M4.jar;C:\Users\shank\.m2\repository\org\apache\maven\surefire\common-junit4\3.0.0-M4\common-junit4-3.0.0-M4.jar;C:\Users\shank\.m2\repository\org\apache\maven\surefire\common-junit3\3.0.0-M4\common-junit3-3.0.0-M4.jar;C:\Users\shank\.m2\repository\org\apache\maven\surefire\common-java5\3.0.0-M4\common-java5-3.0.0-M4.jar;C:\Users\shank\.m2\repository\org\apache\maven\surefire\surefire-grouper\3.0.0-M4\surefire-grouper-3.0.0-M4.jar;C:\Users\shank\.m2\repository\org\apache\maven\surefire\surefire-api\3.0.0-M4\surefire-api-3.0.0-M4.jar;C:\Users\shank\.m2\repository\org\apache\maven\surefire\surefire-logger-api\3.0.0-M4\surefire-logger-api-3.0.0-M4.jar;"/>
    <property name="java.vm.vendor" value="Oracle Corporation"/>
    <property name="sun.arch.data.model" value="64"/>
    <property name="user.variant" value=""/>
    <property name="java.vendor.url" value="http://java.oracle.com/"/>
    <property name="user.timezone" value="Asia/Calcutta"/>
    <property name="java.vm.specification.version" value="1.8"/>
    <property name="browserName" value="chrome"/>
    <property name="os.name" value="Windows 10"/>
    <property name="user.country" value="GB"/>
    <property name="sun.java.launcher" value="SUN_STANDARD"/>
    <property name="sun.boot.library.path" value="C:\Program Files\Java\jdk1.8.0_191\jre\bin"/>
    <property name="sun.java.command" value="C:\Users\shank\AppData\Local\Temp\surefire4649116662694316594\surefirebooter8753167479934763296.jar C:\Users\shank\AppData\Local\Temp\surefire4649116662694316594 2020-05-17T01-32-35_184-jvmRun1 surefire7542724633730339263tmp surefire_0904578595981531903tmp"/>
    <property name="surefire.test.class.path" value="C:\Users\Shankar\Automation\git\CucumberWithLatestFeatures\target\test-classes;C:\Users\Shankar\Automation\git\CucumberWithLatestFeatures\target\classes;C:\Users\shank\.m2\repository\org\seleniumhq\selenium\selenium-chrome-driver\3.141.59\selenium-chrome-driver-3.141.59.jar;C:\Users\shank\.m2\repository\org\seleniumhq\selenium\selenium-api\3.141.59\selenium-api-3.141.59.jar;C:\Users\shank\.m2\repository\net\bytebuddy\byte-buddy\1.8.15\byte-buddy-1.8.15.jar;C:\Users\shank\.m2\repository\org\apache\commons\commons-exec\1.3\commons-exec-1.3.jar;C:\Users\shank\.m2\repository\com\google\guava\guava\25.0-jre\guava-25.0-jre.jar;C:\Users\shank\.m2\repository\com\google\code\findbugs\jsr305\1.3.9\jsr305-1.3.9.jar;C:\Users\shank\.m2\repository\org\checkerframework\checker-compat-qual\2.0.0\checker-compat-qual-2.0.0.jar;C:\Users\shank\.m2\repository\com\google\errorprone\error_prone_annotations\2.1.3\error_prone_annotations-2.1.3.jar;C:\Users\shank\.m2\repository\com\google\j2objc\j2objc-annotations\1.1\j2objc-annotations-1.1.jar;C:\Users\shank\.m2\repository\org\codehaus\mojo\animal-sniffer-annotations\1.14\animal-sniffer-annotations-1.14.jar;C:\Users\shank\.m2\repository\com\squareup\okhttp3\okhttp\3.11.0\okhttp-3.11.0.jar;C:\Users\shank\.m2\repository\com\squareup\okio\okio\1.14.0\okio-1.14.0.jar;C:\Users\shank\.m2\repository\org\seleniumhq\selenium\selenium-firefox-driver\3.141.59\selenium-firefox-driver-3.141.59.jar;C:\Users\shank\.m2\repository\org\seleniumhq\selenium\selenium-ie-driver\2.40.0\selenium-ie-driver-2.40.0.jar;C:\Users\shank\.m2\repository\net\java\dev\jna\jna\3.4.0\jna-3.4.0.jar;C:\Users\shank\.m2\repository\net\java\dev\jna\platform\3.4.0\platform-3.4.0.jar;C:\Users\shank\.m2\repository\org\seleniumhq\selenium\selenium-java\3.141.59\selenium-java-3.141.59.jar;C:\Users\shank\.m2\repository\org\seleniumhq\selenium\selenium-edge-driver\3.141.59\selenium-edge-driver-3.141.59.jar;C:\Users\shank\.m2\repository\org\seleniumhq\selenium\selenium-opera-driver\3.141.59\selenium-opera-driver-3.141.59.jar;C:\Users\shank\.m2\repository\org\seleniumhq\selenium\selenium-safari-driver\3.141.59\selenium-safari-driver-3.141.59.jar;C:\Users\shank\.m2\repository\org\seleniumhq\selenium\selenium-remote-driver\3.141.59\selenium-remote-driver-3.141.59.jar;C:\Users\shank\.m2\repository\org\seleniumhq\selenium\selenium-support\3.141.59\selenium-support-3.141.59.jar;C:\Users\shank\.m2\repository\io\cucumber\cucumber-java\5.5.0\cucumber-java-5.5.0.jar;C:\Users\shank\.m2\repository\io\cucumber\cucumber-core\5.5.0\cucumber-core-5.5.0.jar;C:\Users\shank\.m2\repository\io\cucumber\cucumber-gherkin\5.5.0\cucumber-gherkin-5.5.0.jar;C:\Users\shank\.m2\repository\io\cucumber\cucumber-gherkin-vintage\5.5.0\cucumber-gherkin-vintage-5.5.0.jar;C:\Users\shank\.m2\repository\io\cucumber\tag-expressions\2.0.4\tag-expressions-2.0.4.jar;C:\Users\shank\.m2\repository\io\cucumber\cucumber-expressions\8.3.1\cucumber-expressions-8.3.1.jar;C:\Users\shank\.m2\repository\io\cucumber\datatable\3.3.0\datatable-3.3.0.jar;C:\Users\shank\.m2\repository\io\cucumber\cucumber-plugin\5.5.0\cucumber-plugin-5.5.0.jar;C:\Users\shank\.m2\repository\io\cucumber\docstring\5.5.0\docstring-5.5.0.jar;C:\Users\shank\.m2\repository\org\apiguardian\apiguardian-api\1.1.0\apiguardian-api-1.1.0.jar;C:\Users\shank\.m2\repository\net\masterthought\cucumber-reporting\4.6.0\cucumber-reporting-4.6.0.jar;C:\Users\shank\.m2\repository\org\apache\velocity\velocity\1.7\velocity-1.7.jar;C:\Users\shank\.m2\repository\commons-collections\commons-collections\3.2.1\commons-collections-3.2.1.jar;C:\Users\shank\.m2\repository\commons-lang\commons-lang\2.4\commons-lang-2.4.jar;C:\Users\shank\.m2\repository\velocity-tools\velocity-tools\1.4\velocity-tools-1.4.jar;C:\Users\shank\.m2\repository\joda-time\joda-time\2.10.1\joda-time-2.10.1.jar;C:\Users\shank\.m2\repository\org\apache\commons\commons-lang3\3.8.1\commons-lang3-3.8.1.jar;C:\Users\shank\.m2\repository\commons-io\commons-io\2.6\commons-io-2.6.jar;C:\Users\shank\.m2\repository\org\codehaus\plexus\plexus-utils\3.1.1\plexus-utils-3.1.1.jar;C:\Users\shank\.m2\repository\org\jsoup\jsoup\1.11.3\jsoup-1.11.3.jar;C:\Users\shank\.m2\repository\com\googlecode\owasp-java-html-sanitizer\owasp-java-html-sanitizer\20190325.1\owasp-java-html-sanitizer-20190325.1.jar;C:\Users\shank\.m2\repository\commons-configuration\commons-configuration\1.10\commons-configuration-1.10.jar;C:\Users\shank\.m2\repository\commons-logging\commons-logging\1.1.1\commons-logging-1.1.1.jar;C:\Users\shank\.m2\repository\junit\junit\4.12\junit-4.12.jar;C:\Users\shank\.m2\repository\org\hamcrest\hamcrest-core\1.3\hamcrest-core-1.3.jar;C:\Users\shank\.m2\repository\io\cucumber\cucumber-picocontainer\5.5.0\cucumber-picocontainer-5.5.0.jar;C:\Users\shank\.m2\repository\org\picocontainer\picocontainer\2.15\picocontainer-2.15.jar;C:\Users\shank\.m2\repository\io\cucumber\gherkin\5.1.0\gherkin-5.1.0.jar;C:\Users\shank\.m2\repository\io\cucumber\gherkin-jvm-deps\1.0.4\gherkin-jvm-deps-1.0.4.jar;C:\Users\shank\.m2\repository\io\cucumber\cucumber-junit\5.5.0\cucumber-junit-5.5.0.jar;C:\Users\shank\.m2\repository\io\appium\java-client\6.1.0\java-client-6.1.0.jar;C:\Users\shank\.m2\repository\com\google\code\gson\gson\2.8.4\gson-2.8.4.jar;C:\Users\shank\.m2\repository\org\apache\httpcomponents\httpclient\4.5.5\httpclient-4.5.5.jar;C:\Users\shank\.m2\repository\org\apache\httpcomponents\httpcore\4.4.9\httpcore-4.4.9.jar;C:\Users\shank\.m2\repository\commons-codec\commons-codec\1.10\commons-codec-1.10.jar;C:\Users\shank\.m2\repository\cglib\cglib\3.2.6\cglib-3.2.6.jar;C:\Users\shank\.m2\repository\org\ow2\asm\asm\6.0\asm-6.0.jar;C:\Users\shank\.m2\repository\org\apache\ant\ant\1.9.6\ant-1.9.6.jar;C:\Users\shank\.m2\repository\org\apache\ant\ant-launcher\1.9.6\ant-launcher-1.9.6.jar;C:\Users\shank\.m2\repository\commons-validator\commons-validator\1.6\commons-validator-1.6.jar;C:\Users\shank\.m2\repository\commons-beanutils\commons-beanutils\1.9.2\commons-beanutils-1.9.2.jar;C:\Users\shank\.m2\repository\commons-digester\commons-digester\1.8.1\commons-digester-1.8.1.jar;C:\Users\shank\.m2\repository\org\springframework\spring-context\5.0.5.RELEASE\spring-context-5.0.5.RELEASE.jar;C:\Users\shank\.m2\repository\org\springframework\spring-aop\5.0.5.RELEASE\spring-aop-5.0.5.RELEASE.jar;C:\Users\shank\.m2\repository\org\springframework\spring-beans\5.0.5.RELEASE\spring-beans-5.0.5.RELEASE.jar;C:\Users\shank\.m2\repository\org\springframework\spring-core\5.0.5.RELEASE\spring-core-5.0.5.RELEASE.jar;C:\Users\shank\.m2\repository\org\springframework\spring-jcl\5.0.5.RELEASE\spring-jcl-5.0.5.RELEASE.jar;C:\Users\shank\.m2\repository\org\springframework\spring-expression\5.0.5.RELEASE\spring-expression-5.0.5.RELEASE.jar;C:\Users\shank\.m2\repository\org\aspectj\aspectjweaver\1.9.1\aspectjweaver-1.9.1.jar;C:\Users\shank\.m2\repository\org\openpnp\opencv\3.2.0-1\opencv-3.2.0-1.jar;C:\Users\shank\.m2\repository\org\projectlombok\lombok\1.18.4\lombok-1.18.4.jar;C:\Users\shank\.m2\repository\log4j\log4j\1.2.17\log4j-1.2.17.jar;C:\Users\shank\.m2\repository\org\apache\poi\poi-ooxml\4.0.1\poi-ooxml-4.0.1.jar;C:\Users\shank\.m2\repository\org\apache\poi\poi\4.0.1\poi-4.0.1.jar;C:\Users\shank\.m2\repository\org\apache\commons\commons-collections4\4.2\commons-collections4-4.2.jar;C:\Users\shank\.m2\repository\org\apache\commons\commons-math3\3.6.1\commons-math3-3.6.1.jar;C:\Users\shank\.m2\repository\org\apache\poi\poi-ooxml-schemas\4.0.1\poi-ooxml-schemas-4.0.1.jar;C:\Users\shank\.m2\repository\org\apache\xmlbeans\xmlbeans\3.0.2\xmlbeans-3.0.2.jar;C:\Users\shank\.m2\repository\org\apache\commons\commons-compress\1.18\commons-compress-1.18.jar;C:\Users\shank\.m2\repository\com\github\virtuald\curvesapi\1.05\curvesapi-1.05.jar;C:\Users\shank\.m2\repository\org\json\json\20180813\json-20180813.jar;C:\Users\shank\.m2\repository\org\jboss\aerogear\aerogear-otp-java\1.0.0\aerogear-otp-java-1.0.0.jar;C:\Users\shank\.m2\repository\com\fasterxml\jackson\core\jackson-databind\2.9.10.4\jackson-databind-2.9.10.4.jar;C:\Users\shank\.m2\repository\com\fasterxml\jackson\core\jackson-annotations\2.9.10\jackson-annotations-2.9.10.jar;C:\Users\shank\.m2\repository\com\fasterxml\jackson\core\jackson-core\2.9.10\jackson-core-2.9.10.jar;C:\Users\shank\.m2\repository\io\github\bonigarcia\webdrivermanager\3.6.2\webdrivermanager-3.6.2.jar;C:\Users\shank\.m2\repository\org\slf4j\slf4j-api\1.7.25\slf4j-api-1.7.25.jar;C:\Users\shank\.m2\repository\org\rauschig\jarchivelib\1.0.0\jarchivelib-1.0.0.jar;C:\Users\shank\.m2\repository\com\googlecode\json-simple\json-simple\1.1\json-simple-1.1.jar;C:\Users\shank\.m2\repository\com\assertthat\selenium-shutterbug\0.8\selenium-shutterbug-0.8.jar;C:\Users\shank\.m2\repository\org\apache\maven\surefire\surefire-junit47\3.0.0-M4\surefire-junit47-3.0.0-M4.jar;C:\Users\shank\.m2\repository\org\apache\maven\surefire\common-junit48\3.0.0-M4\common-junit48-3.0.0-M4.jar;C:\Users\shank\.m2\repository\org\apache\maven\surefire\common-junit4\3.0.0-M4\common-junit4-3.0.0-M4.jar;C:\Users\shank\.m2\repository\org\apache\maven\surefire\common-junit3\3.0.0-M4\common-junit3-3.0.0-M4.jar;C:\Users\shank\.m2\repository\org\apache\maven\surefire\common-java5\3.0.0-M4\common-java5-3.0.0-M4.jar;C:\Users\shank\.m2\repository\org\apache\maven\surefire\surefire-grouper\3.0.0-M4\surefire-grouper-3.0.0-M4.jar;C:\Users\shank\.m2\repository\org\apache\maven\surefire\surefire-api\3.0.0-M4\surefire-api-3.0.0-M4.jar;C:\Users\shank\.m2\repository\org\apache\maven\surefire\surefire-logger-api\3.0.0-M4\surefire-logger-api-3.0.0-M4.jar;"/>
    <property name="sun.cpu.endian" value="little"/>
    <property name="user.home" value="C:\Users\shank"/>
    <property name="user.language" value="en"/>
    <property name="java.specification.vendor" value="Oracle Corporation"/>
    <property name="java.home" value="C:\Program Files\Java\jdk1.8.0_191\jre"/>
    <property name="basedir" value="C:\Users\Shankar\Automation\git\CucumberWithLatestFeatures"/>
    <property name="file.separator" value="\"/>
    <property name="line.separator" value="&#10;"/>
    <property name="java.vm.specification.vendor" value="Oracle Corporation"/>
    <property name="java.specification.name" value="Java Platform API Specification"/>
    <property name="java.awt.graphicsenv" value="sun.awt.Win32GraphicsEnvironment"/>
    <property name="surefire.real.class.path" value="C:\Users\shank\AppData\Local\Temp\surefire4649116662694316594\surefirebooter8753167479934763296.jar"/>
    <property name="sun.boot.class.path" value="C:\Program Files\Java\jdk1.8.0_191\jre\lib\resources.jar;C:\Program Files\Java\jdk1.8.0_191\jre\lib\rt.jar;C:\Program Files\Java\jdk1.8.0_191\jre\lib\sunrsasign.jar;C:\Program Files\Java\jdk1.8.0_191\jre\lib\jsse.jar;C:\Program Files\Java\jdk1.8.0_191\jre\lib\jce.jar;C:\Program Files\Java\jdk1.8.0_191\jre\lib\charsets.jar;C:\Program Files\Java\jdk1.8.0_191\jre\lib\jfr.jar;C:\Program Files\Java\jdk1.8.0_191\jre\classes"/>
    <property name="user.script" value=""/>
    <property name="sun.management.compiler" value="HotSpot 64-Bit Tiered Compilers"/>
    <property name="java.runtime.version" value="1.8.0_191-b12"/>
    <property name="user.name" value="shank"/>
    <property name="path.separator" value=";"/>
    <property name="os.version" value="10.0"/>
    <property name="java.endorsed.dirs" value="C:\Program Files\Java\jdk1.8.0_191\jre\lib\endorsed"/>
    <property name="java.runtime.name" value="Java(TM) SE Runtime Environment"/>
    <property name="file.encoding" value="Cp1252"/>
    <property name="java.vm.name" value="Java HotSpot(TM) 64-Bit Server VM"/>
    <property name="localRepository" value="C:\Users\shank\.m2\repository"/>
    <property name="java.vendor.url.bug" value="http://bugreport.sun.com/bugreport/"/>
    <property name="java.io.tmpdir" value="C:\Users\shank\AppData\Local\Temp\"/>
    <property name="cucumber.filter.tags" value="@Test"/>
    <property name="java.version" value="1.8.0_191"/>
    <property name="user.dir" value="C:\Users\Shankar\Automation\git\CucumberWithLatestFeatures"/>
    <property name="os.arch" value="amd64"/>
    <property name="java.vm.specification.name" value="Java Virtual Machine Specification"/>
    <property name="java.awt.printerjob" value="sun.awt.windows.WPrinterJob"/>
    <property name="sun.os.patch.level" value=""/>
    <property name="idea.version2019.3.4" value="true"/>
    <property name="environment" value="SIT"/>
    <property name="java.library.path" value="C:\Program Files\Java\jdk1.8.0_191\jre\bin;C:\WINDOWS\Sun\Java\bin;C:\WINDOWS\system32;C:\WINDOWS;C:\Python38\Scripts\;C:\Python38\;C:\Program Files (x86)\Intel\iCLS Client\;C:\ProgramData\Oracle\Java\javapath;C:\Program Files\Intel\iCLS Client\;C:\WINDOWS\system32;C:\WINDOWS;C:\WINDOWS\System32\Wbem;C:\WINDOWS\System32\WindowsPowerShell\v1.0\;C:\WINDOWS\System32\OpenSSH\;C:\Program Files (x86)\Intel\Intel(R) Management Engine Components\DAL;C:\Program Files\Intel\Intel(R) Management Engine Components\DAL;C:\Program Files (x86)\Intel\Intel(R) Management Engine Components\IPT;C:\Program Files\Intel\Intel(R) Management Engine Components\IPT;C:\Program Files\Git\cmd;C:\Users\Shankar\Automation\Setup\apache-maven-3.6.3\bin;C:\Program Files\nodejs\;C:\ProgramData\chocolatey\bin;C:\Users\shank\AppData\Local\Microsoft\WindowsApps;C:\Users\shank\AppData\Local\GitHubDesktop\bin;C:\Users\shank\AppData\Local\Microsoft\WindowsApps;C:\Users\shank\AppData\Local\Programs\Microsoft VS Code\bin;C:\Users\shank\AppData\Roaming\npm;."/>
    <property name="java.vm.info" value="mixed mode"/>
    <property name="java.vendor" value="Oracle Corporation"/>
    <property name="java.vm.version" value="25.191-b12"/>
    <property name="java.ext.dirs" value="C:\Program Files\Java\jdk1.8.0_191\jre\lib\ext;C:\WINDOWS\Sun\Java\lib\ext"/>
    <property name="sun.io.unicode.encoding" value="UnicodeLittle"/>
    <property name="java.class.version" value="52.0"/>
  </properties>
  <testcase name="As a buyer I want to be given a CTA button to return to the search result page" classname="SFC-69 related test cases." time="30.278">
    <error message="Step [User enters &quot;([^&quot;]*)&quot; details] is defined with 1 parameters at &apos;com.demo.stepdefs.HomeSteps.user_enters_details(java.lang.String)&apos;.&#10;However, the gherkin step has 0 arguments.&#10;Step text: User enters &quot;Linen&quot; details" type="io.cucumber.core.exception.CucumberException"><![CDATA[io.cucumber.core.exception.CucumberException: 
Step [User enters "([^"]*)" details] is defined with 1 parameters at 'com.demo.stepdefs.HomeSteps.user_enters_details(java.lang.String)'.
However, the gherkin step has 0 arguments.
Step text: User enters "Linen" details
]]></error>
    <system-out><![CDATA[
@Test @SFC-65 @SFC-118
Scenario Outline: As a buyer I want to be given a CTA button to return to the search result page # src/test/resources/FeatureFiles/SFC-69_Back_Search_Results.feature:15
2020-05-17 01:32:37 INFO  TestContext:44 - =================As a buyer I want to be given a CTA button to return to the search result page execution starts===================
2020-05-17 01:32:38 INFO  BrowserFactory:33 - Opening chromebrowser
Started in thread: 15, in JVM: 56040@DESKTOP-BKM2109
2020-05-17 01:32:51 INFO  TestContext:57 - Successfully lunched the chrome browser
2020-05-17 01:32:55 INFO  BrowserFactory:91 -  launched

    CCS application is launched

  Given user logs in to the CCS application for "Scenario 1"                                     # com.demo.context.TestContext.user_logs_in_to_the_CCS_application_for(java.lang.String)
2020-05-17 01:32:57 INFO  HomePage:47 - User is on CCS home page

    User is on CCS home page

  And User is navigated to CCS home page                                                         # com.demo.stepdefs.HomeSteps.user_is_navigated_to_CCS_home_page()
  And User enters "Linen" details                                                                # com.demo.stepdefs.HomeSteps.user_enters_details(java.lang.String)
      io.cucumber.core.exception.CucumberException: Step [User enters "([^"]*)" details] is defined with 1 parameters at 'com.demo.stepdefs.HomeSteps.user_enters_details(java.lang.String)'.
However, the gherkin step has 0 arguments.
Step text: User enters "Linen" details
	at io.cucumber.core.runner.PickleStepDefinitionMatch.arityMismatch(PickleStepDefinitionMatch.java:134)
	at io.cucumber.core.runner.PickleStepDefinitionMatch.runStep(PickleStepDefinitionMatch.java:42)
	at io.cucumber.core.runner.TestStep.executeStep(TestStep.java:64)
	at io.cucumber.core.runner.TestStep.run(TestStep.java:49)
	at io.cucumber.core.runner.PickleStepTestStep.run(PickleStepTestStep.java:46)
	at io.cucumber.core.runner.TestCase.run(TestCase.java:51)
	at io.cucumber.core.runner.Runner.runPickle(Runner.java:66)
	at io.cucumber.junit.PickleRunners$NoStepDescriptions.run(PickleRunners.java:149)
	at io.cucumber.junit.FeatureRunner.runChild(FeatureRunner.java:83)
	at io.cucumber.junit.FeatureRunner.runChild(FeatureRunner.java:24)
	at org.junit.runners.ParentRunner$3.run(ParentRunner.java:290)
	at org.junit.runners.ParentRunner$1.schedule(ParentRunner.java:71)
	at org.junit.runners.ParentRunner.runChildren(ParentRunner.java:288)
	at org.junit.runners.ParentRunner.access$000(ParentRunner.java:58)
	at org.junit.runners.ParentRunner$2.evaluate(ParentRunner.java:268)
	at org.junit.runners.ParentRunner.run(ParentRunner.java:363)
	at io.cucumber.junit.Cucumber.runChild(Cucumber.java:185)
	at io.cucumber.junit.Cucumber.runChild(Cucumber.java:83)
	at org.junit.runners.ParentRunner$3.run(ParentRunner.java:290)
	at org.apache.maven.surefire.junitcore.pc.Scheduler$1.run(Scheduler.java:405)
	at java.util.concurrent.Executors$RunnableAdapter.call(Executors.java:511)
	at java.util.concurrent.FutureTask.run(FutureTask.java:266)
	at java.util.concurrent.ThreadPoolExecutor.runWorker(ThreadPoolExecutor.java:1149)
	at java.util.concurrent.ThreadPoolExecutor$Worker.run(ThreadPoolExecutor.java:624)
	at java.lang.Thread.run(Thread.java:748)

  And User clicks on the "Help me find the right framework" button                               # com.demo.stepdefs.HomeSteps.user_clicks_on_the_button(java.lang.String)
  And User is displayed with GM landing page                                                     # com.demo.stepdefs.GMPageSteps.user_is_displayed_with_GM_landing_page()
  And User clicks "Search Frameworks" CTA from the page                                          # com.demo.stepdefs.GMPageSteps.user_selects_second_found_element_from_page()
  Then User should be redirected to Search Framework page                                        # com.demo.stepdefs.SearchFrameworksPageSteps.user_should_be_redirected_to_search_framework_page()

    URL - http://ccs-ui-demo-sbx3.s3-website.eu-west-2.amazonaws.com/index


    Embedding null [image/png 419364 bytes]

2020-05-17 01:33:05 INFO  TestContext:85 - =================As a buyer I want to be given a CTA button to return to the search result page execution ends===================
]]></system-out>
    <system-err><![CDATA[Starting ChromeDriver 81.0.4044.138 (8c6c7ba89cc9453625af54f11fd83179e23450fa-refs/branch-heads/4044@{#999}) on port 16563
Only local connections are allowed.
Please protect ports used by ChromeDriver and related test frameworks to prevent access by malicious code.
May 17, 2020 1:32:49 AM org.openqa.selenium.remote.ProtocolHandshake createSession
INFO: Detected dialect: W3C
[1589659372.433][SEVERE]: Timed out receiving message from renderer: 0.100
[1589659372.539][SEVERE]: Timed out receiving message from renderer: 0.100
[1589659372.642][SEVERE]: Timed out receiving message from renderer: 0.100
[1589659372.745][SEVERE]: Timed out receiving message from renderer: 0.100
[1589659372.847][SEVERE]: Timed out receiving message from renderer: 0.100
[1589659372.972][SEVERE]: Timed out receiving message from renderer: 0.100
[1589659373.074][SEVERE]: Timed out receiving message from renderer: 0.100
[1589659373.175][SEVERE]: Timed out receiving message from renderer: 0.100
[1589659373.277][SEVERE]: Timed out receiving message from renderer: 0.100
[1589659373.379][SEVERE]: Timed out receiving message from renderer: 0.100
[1589659373.482][SEVERE]: Timed out receiving message from renderer: 0.100
[1589659373.584][SEVERE]: Timed out receiving message from renderer: 0.100
[1589659373.689][SEVERE]: Timed out receiving message from renderer: 0.100
[1589659373.916][SEVERE]: Timed out receiving message from renderer: 0.100
]]></system-err>
  </testcase>
</testsuite>